<?xml version="1.0" encoding="UTF-8"?>
<testng-results skipped="0" failed="0" ignored="0" total="1" passed="1">
  <reporter-output>
  </reporter-output>
  <suite name="Default suite" duration-ms="630" started-at="2022-07-24T16:10:45 EDT" finished-at="2022-07-24T16:10:46 EDT">
    <groups>
    </groups>
    <test name="Default test" duration-ms="630" started-at="2022-07-24T16:10:45 EDT" finished-at="2022-07-24T16:10:46 EDT">
      <class name="com.app.main.App">
        <test-method status="PASS" signature="main()[pri:0, instance:com.app.main.App@7f13d6e]" name="main" duration-ms="604" started-at="2022-07-24T16:10:45 EDT" finished-at="2022-07-24T16:10:46 EDT">
          <reporter-output>
          </reporter-output>
        </test-method> <!-- main -->
      </class> <!-- com.app.main.App -->
    </test> <!-- Default test -->
  </suite> <!-- Default suite -->
</testng-results>
